<?xml version="1.0" encoding="UTF-8"?>
<!-- Generated by org.testng.reporters.JUnitReportReporter -->
<testsuite hostname="WINDOWS-UQ33I4P" failures="0" tests="1" name="SampleTest" time="11.920" errors="0" timestamp="2021-01-16T23:09:33 IST" skipped="0">
  <testcase classname="SampleTest" name="test1" time="11.920"/>
  <system-out/>
</testsuite> <!-- SampleTest -->
